<?xml version="1.0" encoding="UTF-8"?>
<!-- Generated by org.testng.reporters.JUnitReportReporter -->
<testsuite hostname="LAPTOP-PRETUCU4" failures="0" tests="1" name="testCases.TC_001_AccountRegistrationTest" time="4.569" errors="0" timestamp="2023-01-27T10:49:59 IST" skipped="0">
  <testcase classname="testCases.TC_001_AccountRegistrationTest" name="test_account_Registration" time="4.569"/>
  <system-out/>
</testsuite> <!-- testCases.TC_001_AccountRegistrationTest -->
