<?xml version="1.0" encoding="UTF-8"?>
<!-- Generated by org.testng.reporters.JUnitReportReporter -->
<testsuite hostname="LAPTOP-PRETUCU4" failures="0" tests="1" name="testCases.TC_004_SearchProductTest" time="3.875" errors="0" timestamp="2023-02-01T12:48:08 IST" skipped="0">
  <testcase classname="testCases.TC_004_SearchProductTest" name="test_pruductSearch" time="3.875"/>
  <system-out/>
</testsuite> <!-- testCases.TC_004_SearchProductTest -->
