<?xml version="1.0" encoding="UTF-8"?>
<!-- Generated by org.testng.reporters.JUnitReportReporter -->
<testsuite hostname="LAPTOP-PRETUCU4" failures="0" tests="1" name="testCases.TC_005_AddToCartPageTest" time="2.420" errors="0" timestamp="2023-02-01T12:57:14 IST" skipped="0">
  <testcase classname="testCases.TC_005_AddToCartPageTest" name="test_addToCart" time="2.420"/>
  <system-out/>
</testsuite> <!-- testCases.TC_005_AddToCartPageTest -->
