<?xml version="1.0" encoding="UTF-8"?>
<!-- Generated by org.testng.reporters.JUnitReportReporter -->
<testsuite hostname="LAPTOP-PRETUCU4" failures="0" tests="1" name="testCases.TC_006_EndToEndTest" time="43.458" errors="0" timestamp="2023-02-02T11:23:24 IST" skipped="0">
  <testcase classname="testCases.TC_006_EndToEndTest" name="endToendTest" time="43.458"/>
  <system-out/>
</testsuite> <!-- testCases.TC_006_EndToEndTest -->
